[29308:6596:0406/145104.299:WARNING:chrome_main_delegate.cc(745)] This is Chrome version 128.0.6613.138 (not a warning)
[29308:18552:0406/145104.459:ERROR:google_update_settings.cc(265)] Failed opening key Software\Chromium to set usagestats; result: 5
[29308:6596:0406/145104.482:WARNING:account_consistency_mode_manager.cc(77)] Desktop Identity Consistency cannot be enabled as no OAuth client ID and client secret have been configured.
[29308:6596:0406/145110.375:ERROR:device_event_log_impl.cc(196)] [14:51:10.183] USB: usb_service_win.cc:105 SetupDiGetDeviceProperty({{A45C254E-DF1C-4EFD-8020-67D146A850E0}, 6}) failed: Element not found. (0x490)
[8672:14896:0406/145112.248:WARNING:frame_impl.cc(430)] virtual CefFrameImpl::SendProcessMessage sent to detached frame 5-9D6B1F95375B7E23A22564AEE9E012B5 will be ignored
[29308:21652:0406/145114.564:WARNING:browser_info.cc(345)] Returning a speculative frame for [8,9]
[29308:6596:0406/145114.906:WARNING:browser_info.cc(345)] Returning a speculative frame for [9,9]
[29308:6596:0406/145114.906:WARNING:browser_info.cc(345)] Returning a speculative frame for [9,9]
[29308:6596:0406/145114.906:WARNING:browser_info.cc(345)] Returning a speculative frame for [9,9]
[29308:6596:0406/145114.906:WARNING:browser_info.cc(345)] Returning a speculative frame for [9,9]
[29308:21652:0406/145114.915:WARNING:browser_info.cc(345)] Returning a speculative frame for [9,9]
[5720:2388:0406/145120.914:WARNING:codec.cc(525)] Explicitly added H264 constrained baseline to list of supported formats.
[5720:2388:0406/145121.597:WARNING:codec.cc(525)] Explicitly added H264 constrained baseline to list of supported formats.
[5720:20212:0406/145121.618:WARNING:codec.cc(525)] Explicitly added H264 constrained baseline to list of supported formats.
[5720:20212:0406/145121.618:WARNING:codec.cc(525)] Explicitly added H264 constrained baseline to list of supported formats.
[5720:20212:0406/145121.620:WARNING:codec.cc(525)] Explicitly added H264 constrained baseline to list of supported formats.
[20208:30964:0406/145122.961:WARNING:host_resolver_dns_task.cc(863)] Address list empty after RFC3484 sort
[20208:30964:0406/145122.961:WARNING:host_resolver_dns_task.cc(863)] Address list empty after RFC3484 sort
[20208:30964:0406/145122.985:ERROR:socket_manager.cc(147)] Failed to resolve address for stun.l.google.com., errorcode: -105
[20208:30964:0406/145122.985:ERROR:socket_manager.cc(147)] Failed to resolve address for stun.l.google.com., errorcode: -105
[20208:30964:0406/145122.985:ERROR:socket_manager.cc(147)] Failed to resolve address for stun.l.google.com., errorcode: -105
[20208:30964:0406/145122.985:ERROR:socket_manager.cc(147)] Failed to resolve address for stun.cloudflare.com., errorcode: -105
[20208:30964:0406/145122.985:ERROR:socket_manager.cc(147)] Failed to resolve address for stun.cloudflare.com., errorcode: -105
[20208:30964:0406/145122.985:ERROR:socket_manager.cc(147)] Failed to resolve address for stun.cloudflare.com., errorcode: -105
[5720:20212:0406/145122.986:WARNING:stun_port.cc(442)] Port[253dc00:0:1:0:host:Net[any:0:0:0:x:x:x:x:x/0:Wildcard:id=0]]: StunPort: stun host lookup received error -1
[5720:20212:0406/145122.986:WARNING:stun_port.cc(442)] Port[253e400:1:1:0:host:Net[any:0:0:0:x:x:x:x:x/0:Wildcard:id=0]]: StunPort: stun host lookup received error -1
[5720:20212:0406/145122.986:WARNING:stun_port.cc(442)] Port[253ec00:2:1:0:host:Net[any:0:0:0:x:x:x:x:x/0:Wildcard:id=0]]: StunPort: stun host lookup received error -1
[5720:20212:0406/145122.986:WARNING:stun_port.cc(442)] Port[253dc00:0:1:0:host:Net[any:0:0:0:x:x:x:x:x/0:Wildcard:id=0]]: StunPort: stun host lookup received error -1
[5720:20212:0406/145122.986:WARNING:stun_port.cc(442)] Port[253e400:1:1:0:host:Net[any:0:0:0:x:x:x:x:x/0:Wildcard:id=0]]: StunPort: stun host lookup received error -1
[5720:20212:0406/145122.986:WARNING:stun_port.cc(442)] Port[253ec00:2:1:0:host:Net[any:0:0:0:x:x:x:x:x/0:Wildcard:id=0]]: StunPort: stun host lookup received error -1
[29556:8632:0406/145331.402:ERROR:shared_image_manager.cc(224)] SharedImageManager::ProduceSkia: Trying to Produce a Skia representation from a non-existent mailbox.
[29308:6596:0406/152821.467:ERROR:device_event_log_impl.cc(196)] [15:28:21.465] USB: usb_service_win.cc:105 SetupDiGetDeviceProperty({{A45C254E-DF1C-4EFD-8020-67D146A850E0}, 6}) failed: Element not found. (0x490)
[29308:6596:0406/163105.279:ERROR:device_event_log_impl.cc(196)] [16:31:05.007] USB: usb_service_win.cc:105 SetupDiGetDeviceProperty({{A45C254E-DF1C-4EFD-8020-67D146A850E0}, 6}) failed: Element not found. (0x490)
[29308:6596:0406/175657.038:ERROR:device_event_log_impl.cc(196)] [17:56:56.753] USB: usb_service_win.cc:105 SetupDiGetDeviceProperty({{A45C254E-DF1C-4EFD-8020-67D146A850E0}, 6}) failed: Element not found. (0x490)
[20208:4296:0407/104440.896:WARNING:dns_config_service_win.cc(605)] Failed to read DnsConfig.
[29308:30580:0407/104440.927:WARNING:dns_config_service_win.cc(605)] Failed to read DnsConfig.
[29308:6596:0407/104452.193:ERROR:device_event_log_impl.cc(196)] [10:44:51.750] USB: usb_service_win.cc:105 SetupDiGetDeviceProperty({{A45C254E-DF1C-4EFD-8020-67D146A850E0}, 6}) failed: Element not found. (0x490)
[29308:6596:0407/113340.319:ERROR:device_event_log_impl.cc(196)] [11:33:40.263] USB: usb_service_win.cc:105 SetupDiGetDeviceProperty({{A45C254E-DF1C-4EFD-8020-67D146A850E0}, 6}) failed: Element not found. (0x490)
[29308:6596:0407/113340.356:ERROR:device_event_log_impl.cc(196)] [11:33:40.341] USB: usb_service_win.cc:105 SetupDiGetDeviceProperty({{A45C254E-DF1C-4EFD-8020-67D146A850E0}, 6}) failed: Element not found. (0x490)
[29308:6596:0407/113340.389:ERROR:device_event_log_impl.cc(196)] [11:33:40.375] USB: usb_service_win.cc:308 SetupDiEnumDeviceInterfaces: No more data is available. (0x103)
[29308:6596:0407/113340.468:ERROR:device_event_log_impl.cc(196)] [11:33:40.468] USB: usb_service_win.cc:105 SetupDiGetDeviceProperty({{A45C254E-DF1C-4EFD-8020-67D146A850E0}, 6}) failed: Element not found. (0x490)
[29308:6596:0407/132628.818:WARNING:pref_notifier_impl.cc(41)] Pref observer for media_router.cast_allow_all_ips found at shutdown.
